{
  "stats": {
    "suites": 1,
    "tests": 3,
    "passes": 2,
    "pending": 1,
    "failures": 0,
    "start": "2024-01-21T15:47:08.588Z",
    "end": "2024-01-21T15:47:16.107Z",
    "duration": 7519,
    "testsRegistered": 4,
    "passPercent": 66.66666666666666,
    "pendingPercent": 25,
    "other": 1,
    "hasOther": true,
    "skipped": 0,
    "hasSkipped": false
  },
  "results": [
    {
      "uuid": "c0168b45-a990-4d93-9f80-e6698ac911ca",
      "title": "",
      "fullFile": "cypress\\e2e\\test1.cy.js",
      "file": "cypress\\e2e\\test1.cy.js",
      "beforeHooks": [],
      "afterHooks": [],
      "tests": [],
      "suites": [
        {
          "uuid": "0c54c8c3-5871-40ca-acc7-5bee7b5dc54d",
          "title": "template spec",
          "fullFile": "",
          "file": "",
          "beforeHooks": [],
          "afterHooks": [],
          "tests": [
            {
              "title": "Test que pasa",
              "fullTitle": "template spec Test que pasa",
              "timedOut": null,
              "duration": 1637,
              "state": "passed",
              "speed": "fast",
              "pass": true,
              "fail": false,
              "pending": false,
              "context": null,
              "code": "cy.visit(\"https://example.cypress.io\");",
              "err": {},
              "uuid": "50d2270f-e42a-4727-bddc-2c39b280c243",
              "parentUUID": "0c54c8c3-5871-40ca-acc7-5bee7b5dc54d",
              "isHook": false,
              "skipped": false
            },
            {
              "title": "Test que falla",
              "fullTitle": "template spec Test que falla",
              "timedOut": null,
              "duration": 2475,
              "state": "failed",
              "speed": null,
              "pass": false,
              "fail": true,
              "pending": false,
              "context": null,
              "code": "cy.visit(\"https://exampasdle.cypress.io\");",
              "err": {
                "message": "CypressError: `cy.visit()` failed trying to load:\n\nhttps://exampasdle.cypress.io/\n\nWe attempted to make an http request to this URL but the request failed without a response.\n\nWe received this error at the network level:\n\n  > Error: getaddrinfo ENOTFOUND exampasdle.cypress.io\n\nCommon situations why this would fail:\n  - you don't have internet access\n  - you forgot to run / boot your web server\n  - your web server isn't accessible\n  - you have weird network configuration settings on your computer",
                "estack": "CypressError: `cy.visit()` failed trying to load:\n\nhttps://exampasdle.cypress.io/\n\nWe attempted to make an http request to this URL but the request failed without a response.\n\nWe received this error at the network level:\n\n  > Error: getaddrinfo ENOTFOUND exampasdle.cypress.io\n\nCommon situations why this would fail:\n  - you don't have internet access\n  - you forgot to run / boot your web server\n  - your web server isn't accessible\n  - you have weird network configuration settings on your computer\n    at <unknown> (https://example.cypress.io/__cypress/runner/cypress_runner.js:131400:74)\n    at visitFailedByErr (https://example.cypress.io/__cypress/runner/cypress_runner.js:130792:12)\n    at <unknown> (https://example.cypress.io/__cypress/runner/cypress_runner.js:131399:11)\n    at tryCatcher (https://example.cypress.io/__cypress/runner/cypress_runner.js:1807:23)\n    at Promise._settlePromiseFromHandler (https://example.cypress.io/__cypress/runner/cypress_runner.js:1519:31)\n    at Promise._settlePromise (https://example.cypress.io/__cypress/runner/cypress_runner.js:1576:18)\n    at Promise._settlePromise0 (https://example.cypress.io/__cypress/runner/cypress_runner.js:1621:10)\n    at Promise._settlePromises (https://example.cypress.io/__cypress/runner/cypress_runner.js:1697:18)\n    at _drainQueueStep (https://example.cypress.io/__cypress/runner/cypress_runner.js:2407:12)\n    at _drainQueue (https://example.cypress.io/__cypress/runner/cypress_runner.js:2400:9)\n    at Async._drainQueues (https://example.cypress.io/__cypress/runner/cypress_runner.js:2416:5)\n    at Async.drainQueues (https://example.cypress.io/__cypress/runner/cypress_runner.js:2286:14)\nFrom Your Spec Code:\n    at Context.eval (webpack://jenkins-proyect/./cypress/e2e/test1.cy.js:7:7)\n\nFrom Node.js Internals:\n  Error: getaddrinfo ENOTFOUND exampasdle.cypress.io\n      at GetAddrInfoReqWrap.onlookup [as oncomplete] (node:dns:108:26)",
                "diff": null
              },
              "uuid": "1c85b4a5-acda-4168-acaa-7117251edb40",
              "parentUUID": "0c54c8c3-5871-40ca-acc7-5bee7b5dc54d",
              "isHook": false,
              "skipped": false
            },
            {
              "title": "Test skippeado",
              "fullTitle": "template spec Test skippeado",
              "timedOut": null,
              "duration": 0,
              "state": "pending",
              "speed": null,
              "pass": false,
              "fail": false,
              "pending": true,
              "context": null,
              "code": "cy.visit(\"https://example.cypress.io\");",
              "err": {},
              "uuid": "f2ca7972-f811-4769-a929-b8707d67246b",
              "parentUUID": "0c54c8c3-5871-40ca-acc7-5bee7b5dc54d",
              "isHook": false,
              "skipped": false
            },
            {
              "title": "Test de env",
              "fullTitle": "template spec Test de env",
              "timedOut": null,
              "duration": 34,
              "state": "passed",
              "speed": "fast",
              "pass": true,
              "fail": false,
              "pending": false,
              "context": null,
              "code": "const user = Cypress.env(\"user_TEST\");\nconst pass = Cypress.env(\"pass_TEST\");\ncy.log(user);\ncy.log(pass);",
              "err": {},
              "uuid": "3040cd26-a5af-4795-ad31-936289794b63",
              "parentUUID": "0c54c8c3-5871-40ca-acc7-5bee7b5dc54d",
              "isHook": false,
              "skipped": false
            }
          ],
          "suites": [],
          "passes": [
            "50d2270f-e42a-4727-bddc-2c39b280c243",
            "3040cd26-a5af-4795-ad31-936289794b63"
          ],
          "failures": [
            "1c85b4a5-acda-4168-acaa-7117251edb40"
          ],
          "pending": [
            "f2ca7972-f811-4769-a929-b8707d67246b"
          ],
          "skipped": [],
          "duration": 4146,
          "root": false,
          "rootEmpty": false,
          "_timeout": 2000
        }
      ],
      "passes": [],
      "failures": [],
      "pending": [],
      "skipped": [],
      "duration": 0,
      "root": true,
      "rootEmpty": true,
      "_timeout": 2000
    }
  ],
  "meta": {
    "mocha": {
      "version": "7.0.1"
    },
    "mochawesome": {
      "options": {
        "quiet": false,
        "reportFilename": "mochawesome",
        "saveHtml": true,
        "saveJson": true,
        "consoleReporter": "spec",
        "useInlineDiffs": false,
        "code": true
      },
      "version": "7.1.3"
    },
    "marge": {
      "options": {
        "reportDir": "reports",
        "reportFileName": "report",
        "json": true,
        "html": true
      },
      "version": "6.2.0"
    }
  }
}